[0.019s] Invoking command in '/home/fatma/AUV_ws/build/interface': CMAKE_PREFIX_PATH=/opt/ros/eloquent /usr/local/bin/cmake /home/fatma/AUV_ws/src/interface -DCMAKE_INSTALL_PREFIX=/home/fatma/AUV_ws/install/interface
[0.065s] -- Found ament_cmake: 0.8.2 (/opt/ros/eloquent/share/ament_cmake/cmake)
[0.110s] -- Using PYTHON_EXECUTABLE: /usr/bin/python3
[0.384s] -- Found rosidl_default_generators: 0.8.0 (/opt/ros/eloquent/share/rosidl_default_generators/cmake)
[0.675s] -- Found rosidl_adapter: 0.8.2 (/opt/ros/eloquent/share/rosidl_adapter/cmake)
[1.040s] CMake Error at /opt/ros/eloquent/share/rosidl_cmake/cmake/rosidl_generate_interfaces.cmake:93 (message):
[1.040s]   rosidl_generate_interfaces() the passed file '$serv_files}' doesn't exist
[1.040s]   relative to the CMAKE_CURRENT_SOURCE_DIR '/home/fatma/AUV_ws/src/interface'
[1.041s] Call Stack (most recent call first):
[1.041s]   CMakeLists.txt:26 (rosidl_generate_interfaces)
[1.041s] 
[1.041s] 
[1.045s] -- Configuring incomplete, errors occurred!
[1.045s] See also "/home/fatma/AUV_ws/build/interface/CMakeFiles/CMakeOutput.log".
[1.053s] Invoked command in '/home/fatma/AUV_ws/build/interface' returned '1': CMAKE_PREFIX_PATH=/opt/ros/eloquent /usr/local/bin/cmake /home/fatma/AUV_ws/src/interface -DCMAKE_INSTALL_PREFIX=/home/fatma/AUV_ws/install/interface
[1.066s] Traceback (most recent call last):
  File "/usr/lib/python3/dist-packages/colcon_core/executor/__init__.py", line 91, in __call__
    rc = await self.task(*args, **kwargs)
  File "/usr/lib/python3/dist-packages/colcon_core/task/__init__.py", line 93, in __call__
    return await task_method(*args, **kwargs)
  File "/usr/lib/python3/dist-packages/colcon_ros/task/ament_cmake/build.py", line 66, in build
    if await has_target(args.build_base, 'install'):
  File "/usr/lib/python3/dist-packages/colcon_cmake/task/cmake/__init__.py", line 57, in has_target
    return target in await get_makefile_targets(path)
  File "/usr/lib/python3/dist-packages/colcon_cmake/task/cmake/__init__.py", line 78, in get_makefile_targets
    CMAKE_EXECUTABLE, '--build', path, '--target', 'help'], cwd=path)
  File "/usr/lib/python3/dist-packages/colcon_core/subprocess.py", line 110, in check_output
    'Expected {args} to pass: {stderr_data}'.format_map(locals())
AssertionError: Expected ['/usr/local/bin/cmake', '--build', '/home/fatma/AUV_ws/build/interface', '--target', 'help'] to pass: make: *** No rule to make target 'help'.  Stop.

